# JRE version: Java(TM) SE Runtime Environment (8.0_151-b12) (build 1.8.0_151-b12)
# Java VM: Java HotSpot(TM) 64-Bit Server VM (25.151-b12 mixed mode windows-amd64 compressed oops)
Heap:
 PSYoungGen      total 76288K, used 59540K [0x000000076ae00000, 0x0000000774100000, 0x00000007c0000000)
  eden space 65536K, 79% used [0x000000076ae00000,0x000000076e09d278,0x000000076ee00000)
  from space 10752K, 71% used [0x000000076ee00000,0x000000076f588000,0x000000076f880000)
  to   space 10752K, 0% used [0x0000000773680000,0x0000000773680000,0x0000000774100000)
 ParOldGen       total 83456K, used 12874K [0x00000006c0a00000, 0x00000006c5b80000, 0x000000076ae00000)
  object space 83456K, 15% used [0x00000006c0a00000,0x00000006c1692b08,0x00000006c5b80000)
 Metaspace       used 20590K, capacity 21888K, committed 22144K, reserved 1069056K
  class space    used 2940K, capacity 3189K, committed 3200K, reserved 1048576K
GC Heap History (8 events):
Event: 104.078 GC heap before
{Heap before GC invocations=1 (full 0):
 PSYoungGen      total 76288K, used 65536K [0x000000076ae00000, 0x0000000770300000, 0x00000007c0000000)
  eden space 65536K, 100% used [0x000000076ae00000,0x000000076ee00000,0x000000076ee00000)
  from space 10752K, 0% used [0x000000076f880000,0x000000076f880000,0x0000000770300000)
  to   space 10752K, 0% used [0x000000076ee00000,0x000000076ee00000,0x000000076f880000)
 ParOldGen       total 175104K, used 0K [0x00000006c0a00000, 0x00000006cb500000, 0x000000076ae00000)
  object space 175104K, 0% used [0x00000006c0a00000,0x00000006c0a00000,0x00000006cb500000)
 Metaspace       used 18839K, capacity 19890K, committed 19968K, reserved 1067008K
  class space    used 2842K, capacity 3060K, committed 3072K, reserved 1048576K
Event: 104.088 GC heap after
Heap after GC invocations=1 (full 0):
 PSYoungGen      total 76288K, used 10736K [0x000000076ae00000, 0x0000000770300000, 0x00000007c0000000)
  eden space 65536K, 0% used [0x000000076ae00000,0x000000076ae00000,0x000000076ee00000)
  from space 10752K, 99% used [0x000000076ee00000,0x000000076f87c070,0x000000076f880000)
  to   space 10752K, 0% used [0x000000076f880000,0x000000076f880000,0x0000000770300000)
 ParOldGen       total 175104K, used 592K [0x00000006c0a00000, 0x00000006cb500000, 0x000000076ae00000)
  object space 175104K, 0% used [0x00000006c0a00000,0x00000006c0a943a0,0x00000006cb500000)
 Metaspace       used 18839K, capacity 19890K, committed 19968K, reserved 1067008K
  class space    used 2842K, capacity 3060K, committed 3072K, reserved 1048576K
}
Event: 104.303 GC heap before
{Heap before GC invocations=2 (full 0):
 PSYoungGen      total 76288K, used 32688K [0x000000076ae00000, 0x0000000770300000, 0x00000007c0000000)
  eden space 65536K, 33% used [0x000000076ae00000,0x000000076c370380,0x000000076ee00000)
  from space 10752K, 99% used [0x000000076ee00000,0x000000076f87c070,0x000000076f880000)
  to   space 10752K, 0% used [0x000000076f880000,0x000000076f880000,0x0000000770300000)
 ParOldGen       total 175104K, used 592K [0x00000006c0a00000, 0x00000006cb500000, 0x000000076ae00000)
  object space 175104K, 0% used [0x00000006c0a00000,0x00000006c0a943a0,0x00000006cb500000)
 Metaspace       used 19954K, capacity 21244K, committed 21296K, reserved 1067008K
  class space    used 2939K, capacity 3189K, committed 3200K, reserved 1048576K
Event: 104.311 GC heap after
Heap after GC invocations=2 (full 0):
 PSYoungGen      total 76288K, used 10736K [0x000000076ae00000, 0x0000000774300000, 0x00000007c0000000)
  eden space 65536K, 0% used [0x000000076ae00000,0x000000076ae00000,0x000000076ee00000)
  from space 10752K, 99% used [0x000000076f880000,0x00000007702fc050,0x0000000770300000)
  to   space 10752K, 0% used [0x000000076ee00000,0x000000076ee00000,0x000000076f880000)
 ParOldGen       total 175104K, used 2713K [0x00000006c0a00000, 0x00000006cb500000, 0x000000076ae00000)
  object space 175104K, 1% used [0x00000006c0a00000,0x00000006c0ca6590,0x00000006cb500000)
 Metaspace       used 19954K, capacity 21244K, committed 21296K, reserved 1067008K
  class space    used 2939K, capacity 3189K, committed 3200K, reserved 1048576K
}
Event: 104.311 GC heap before
{Heap before GC invocations=3 (full 1):
 PSYoungGen      total 76288K, used 10736K [0x000000076ae00000, 0x0000000774300000, 0x00000007c0000000)
  eden space 65536K, 0% used [0x000000076ae00000,0x000000076ae00000,0x000000076ee00000)
  from space 10752K, 99% used [0x000000076f880000,0x00000007702fc050,0x0000000770300000)
  to   space 10752K, 0% used [0x000000076ee00000,0x000000076ee00000,0x000000076f880000)
 ParOldGen       total 175104K, used 2713K [0x00000006c0a00000, 0x00000006cb500000, 0x000000076ae00000)
  object space 175104K, 1% used [0x00000006c0a00000,0x00000006c0ca6590,0x00000006cb500000)
 Metaspace       used 19954K, capacity 21244K, committed 21296K, reserved 1067008K
  class space    used 2939K, capacity 3189K, committed 3200K, reserved 1048576K
Event: 104.357 GC heap after
Heap after GC invocations=3 (full 1):
 PSYoungGen      total 76288K, used 0K [0x000000076ae00000, 0x0000000774300000, 0x00000007c0000000)
  eden space 65536K, 0% used [0x000000076ae00000,0x000000076ae00000,0x000000076ee00000)
  from space 10752K, 0% used [0x000000076f880000,0x000000076f880000,0x0000000770300000)
  to   space 10752K, 0% used [0x000000076ee00000,0x000000076ee00000,0x000000076f880000)
 ParOldGen       total 83456K, used 12866K [0x00000006c0a00000, 0x00000006c5b80000, 0x000000076ae00000)
  object space 83456K, 15% used [0x00000006c0a00000,0x00000006c1690b08,0x00000006c5b80000)
 Metaspace       used 19954K, capacity 21244K, committed 21296K, reserved 1067008K
  class space    used 2939K, capacity 3189K, committed 3200K, reserved 1048576K
}
Event: 105.344 GC heap before
{Heap before GC invocations=4 (full 1):
 PSYoungGen      total 76288K, used 65536K [0x000000076ae00000, 0x0000000774300000, 0x00000007c0000000)
  eden space 65536K, 100% used [0x000000076ae00000,0x000000076ee00000,0x000000076ee00000)
  from space 10752K, 0% used [0x000000076f880000,0x000000076f880000,0x0000000770300000)
  to   space 10752K, 0% used [0x000000076ee00000,0x000000076ee00000,0x000000076f880000)
 ParOldGen       total 83456K, used 12866K [0x00000006c0a00000, 0x00000006c5b80000, 0x000000076ae00000)
  object space 83456K, 15% used [0x00000006c0a00000,0x00000006c1690b08,0x00000006c5b80000)
 Metaspace       used 20374K, capacity 21760K, committed 21888K, reserved 1069056K
  class space    used 2939K, capacity 3189K, committed 3200K, reserved 1048576K
Event: 105.347 GC heap after
Heap after GC invocations=4 (full 1):
 PSYoungGen      total 76288K, used 7712K [0x000000076ae00000, 0x0000000774100000, 0x00000007c0000000)
  eden space 65536K, 0% used [0x000000076ae00000,0x000000076ae00000,0x000000076ee00000)
  from space 10752K, 71% used [0x000000076ee00000,0x000000076f588000,0x000000076f880000)
  to   space 10752K, 0% used [0x0000000773680000,0x0000000773680000,0x0000000774100000)
 ParOldGen       total 83456K, used 12874K [0x00000006c0a00000, 0x00000006c5b80000, 0x000000076ae00000)
  object space 83456K, 15% used [0x00000006c0a00000,0x00000006c1692b08,0x00000006c5b80000)
 Metaspace       used 20374K, capacity 21760K, committed 21888K, reserved 1069056K
  class space    used 2939K, capacity 3189K, committed 3200K, reserved 1048576K
}

