# JRE version: Java(TM) SE Runtime Environment (8.0_151-b12) (build 1.8.0_151-b12)
# Java VM: Java HotSpot(TM) 64-Bit Server VM (25.151-b12 mixed mode windows-amd64 compressed oops)
Heap:
 PSYoungGen      total 76288K, used 27236K [0x000000076ae00000, 0x0000000774300000, 0x00000007c0000000)
  eden space 65536K, 41% used [0x000000076ae00000,0x000000076c8991c8,0x000000076ee00000)
  from space 10752K, 0% used [0x000000076f880000,0x000000076f880000,0x0000000770300000)
  to   space 10752K, 0% used [0x000000076ee00000,0x000000076ee00000,0x000000076f880000)
 ParOldGen       total 98304K, used 11719K [0x00000006c0a00000, 0x00000006c6a00000, 0x000000076ae00000)
  object space 98304K, 11% used [0x00000006c0a00000,0x00000006c1571ee8,0x00000006c6a00000)
 Metaspace       used 20180K, capacity 21456K, committed 21760K, reserved 1067008K
  class space    used 2934K, capacity 3207K, committed 3328K, reserved 1048576K
GC Heap History (6 events):
Event: 3.743 GC heap before
{Heap before GC invocations=1 (full 0):
 PSYoungGen      total 76288K, used 65536K [0x000000076ae00000, 0x0000000770300000, 0x00000007c0000000)
  eden space 65536K, 100% used [0x000000076ae00000,0x000000076ee00000,0x000000076ee00000)
  from space 10752K, 0% used [0x000000076f880000,0x000000076f880000,0x0000000770300000)
  to   space 10752K, 0% used [0x000000076ee00000,0x000000076ee00000,0x000000076f880000)
 ParOldGen       total 175104K, used 0K [0x00000006c0a00000, 0x00000006cb500000, 0x000000076ae00000)
  object space 175104K, 0% used [0x00000006c0a00000,0x00000006c0a00000,0x00000006cb500000)
 Metaspace       used 18855K, capacity 19962K, committed 20224K, reserved 1067008K
  class space    used 2834K, capacity 3060K, committed 3072K, reserved 1048576K
Event: 3.751 GC heap after
Heap after GC invocations=1 (full 0):
 PSYoungGen      total 76288K, used 10722K [0x000000076ae00000, 0x0000000770300000, 0x00000007c0000000)
  eden space 65536K, 0% used [0x000000076ae00000,0x000000076ae00000,0x000000076ee00000)
  from space 10752K, 99% used [0x000000076ee00000,0x000000076f878ad0,0x000000076f880000)
  to   space 10752K, 0% used [0x000000076f880000,0x000000076f880000,0x0000000770300000)
 ParOldGen       total 175104K, used 2430K [0x00000006c0a00000, 0x00000006cb500000, 0x000000076ae00000)
  object space 175104K, 1% used [0x00000006c0a00000,0x00000006c0c5fad0,0x00000006cb500000)
 Metaspace       used 18855K, capacity 19962K, committed 20224K, reserved 1067008K
  class space    used 2834K, capacity 3060K, committed 3072K, reserved 1048576K
}
Event: 3.894 GC heap before
{Heap before GC invocations=2 (full 0):
 PSYoungGen      total 76288K, used 24504K [0x000000076ae00000, 0x0000000770300000, 0x00000007c0000000)
  eden space 65536K, 21% used [0x000000076ae00000,0x000000076bb756f0,0x000000076ee00000)
  from space 10752K, 99% used [0x000000076ee00000,0x000000076f878ad0,0x000000076f880000)
  to   space 10752K, 0% used [0x000000076f880000,0x000000076f880000,0x0000000770300000)
 ParOldGen       total 175104K, used 2430K [0x00000006c0a00000, 0x00000006cb500000, 0x000000076ae00000)
  object space 175104K, 1% used [0x00000006c0a00000,0x00000006c0c5fad0,0x00000006cb500000)
 Metaspace       used 19792K, capacity 21100K, committed 21248K, reserved 1067008K
  class space    used 2930K, capacity 3201K, committed 3328K, reserved 1048576K
Event: 3.903 GC heap after
Heap after GC invocations=2 (full 0):
 PSYoungGen      total 76288K, used 9680K [0x000000076ae00000, 0x0000000774300000, 0x00000007c0000000)
  eden space 65536K, 0% used [0x000000076ae00000,0x000000076ae00000,0x000000076ee00000)
  from space 10752K, 90% used [0x000000076f880000,0x00000007701f4040,0x0000000770300000)
  to   space 10752K, 0% used [0x000000076ee00000,0x000000076ee00000,0x000000076f880000)
 ParOldGen       total 175104K, used 2438K [0x00000006c0a00000, 0x00000006cb500000, 0x000000076ae00000)
  object space 175104K, 1% used [0x00000006c0a00000,0x00000006c0c61ad0,0x00000006cb500000)
 Metaspace       used 19792K, capacity 21100K, committed 21248K, reserved 1067008K
  class space    used 2930K, capacity 3201K, committed 3328K, reserved 1048576K
}
Event: 3.903 GC heap before
{Heap before GC invocations=3 (full 1):
 PSYoungGen      total 76288K, used 9680K [0x000000076ae00000, 0x0000000774300000, 0x00000007c0000000)
  eden space 65536K, 0% used [0x000000076ae00000,0x000000076ae00000,0x000000076ee00000)
  from space 10752K, 90% used [0x000000076f880000,0x00000007701f4040,0x0000000770300000)
  to   space 10752K, 0% used [0x000000076ee00000,0x000000076ee00000,0x000000076f880000)
 ParOldGen       total 175104K, used 2438K [0x00000006c0a00000, 0x00000006cb500000, 0x000000076ae00000)
  object space 175104K, 1% used [0x00000006c0a00000,0x00000006c0c61ad0,0x00000006cb500000)
 Metaspace       used 19792K, capacity 21100K, committed 21248K, reserved 1067008K
  class space    used 2930K, capacity 3201K, committed 3328K, reserved 1048576K
Event: 3.940 GC heap after
Heap after GC invocations=3 (full 1):
 PSYoungGen      total 76288K, used 0K [0x000000076ae00000, 0x0000000774300000, 0x00000007c0000000)
  eden space 65536K, 0% used [0x000000076ae00000,0x000000076ae00000,0x000000076ee00000)
  from space 10752K, 0% used [0x000000076f880000,0x000000076f880000,0x0000000770300000)
  to   space 10752K, 0% used [0x000000076ee00000,0x000000076ee00000,0x000000076f880000)
 ParOldGen       total 98304K, used 11719K [0x00000006c0a00000, 0x00000006c6a00000, 0x000000076ae00000)
  object space 98304K, 11% used [0x00000006c0a00000,0x00000006c1571ee8,0x00000006c6a00000)
 Metaspace       used 19792K, capacity 21100K, committed 21248K, reserved 1067008K
  class space    used 2930K, capacity 3201K, committed 3328K, reserved 1048576K
}

