# JRE version: Java(TM) SE Runtime Environment (8.0_73-b02) (build 1.8.0_73-b02)
# Java VM: Java HotSpot(TM) 64-Bit Server VM (25.73-b02 mixed mode windows-amd64 compressed oops)
Heap:
 PSYoungGen      total 52736K, used 25168K [0x00000000d5d80000, 0x00000000daf80000, 0x0000000100000000)
  eden space 28160K, 21% used [0x00000000d5d80000,0x00000000d637c1d8,0x00000000d7900000)
  from space 24576K, 77% used [0x00000000d7900000,0x00000000d8b98000,0x00000000d9100000)
  to   space 26112K, 0% used [0x00000000d9600000,0x00000000d9600000,0x00000000daf80000)
 ParOldGen       total 146432K, used 88710K [0x0000000081800000, 0x000000008a700000, 0x00000000d5d80000)
  object space 146432K, 60% used [0x0000000081800000,0x0000000086ea1818,0x000000008a700000)
 Metaspace       used 19304K, capacity 20188K, committed 20480K, reserved 1067008K
  class space    used 2525K, capacity 2723K, committed 2816K, reserved 1048576K
GC Heap History (10 events):
Event: 41.714 GC heap before
{Heap before GC invocations=18 (full 1):
 PSYoungGen      total 44544K, used 30144K [0x00000000d5d80000, 0x00000000d9f80000, 0x0000000100000000)
  eden space 25600K, 100% used [0x00000000d5d80000,0x00000000d7680000,0x00000000d7680000)
  from space 18944K, 23% used [0x00000000d8900000,0x00000000d8d70000,0x00000000d9b80000)
  to   space 18944K, 0% used [0x00000000d7680000,0x00000000d7680000,0x00000000d8900000)
 ParOldGen       total 146432K, used 79896K [0x0000000081800000, 0x000000008a700000, 0x00000000d5d80000)
  object space 146432K, 54% used [0x0000000081800000,0x0000000086606138,0x000000008a700000)
 Metaspace       used 19187K, capacity 20106K, committed 20480K, reserved 1067008K
  class space    used 2523K, capacity 2720K, committed 2816K, reserved 1048576K
Event: 41.719 GC heap after
Heap after GC invocations=18 (full 1):
 PSYoungGen      total 44544K, used 8800K [0x00000000d5d80000, 0x00000000d9c80000, 0x0000000100000000)
  eden space 25600K, 0% used [0x00000000d5d80000,0x00000000d5d80000,0x00000000d7680000)
  from space 18944K, 46% used [0x00000000d7680000,0x00000000d7f18000,0x00000000d8900000)
  to   space 17920K, 0% used [0x00000000d8b00000,0x00000000d8b00000,0x00000000d9c80000)
 ParOldGen       total 146432K, used 79904K [0x0000000081800000, 0x000000008a700000, 0x00000000d5d80000)
  object space 146432K, 54% used [0x0000000081800000,0x0000000086608138,0x000000008a700000)
 Metaspace       used 19187K, capacity 20106K, committed 20480K, reserved 1067008K
  class space    used 2523K, capacity 2720K, committed 2816K, reserved 1048576K
}
Event: 43.775 GC heap before
{Heap before GC invocations=19 (full 1):
 PSYoungGen      total 44544K, used 34400K [0x00000000d5d80000, 0x00000000d9c80000, 0x0000000100000000)
  eden space 25600K, 100% used [0x00000000d5d80000,0x00000000d7680000,0x00000000d7680000)
  from space 18944K, 46% used [0x00000000d7680000,0x00000000d7f18000,0x00000000d8900000)
  to   space 17920K, 0% used [0x00000000d8b00000,0x00000000d8b00000,0x00000000d9c80000)
 ParOldGen       total 146432K, used 79904K [0x0000000081800000, 0x000000008a700000, 0x00000000d5d80000)
  object space 146432K, 54% used [0x0000000081800000,0x0000000086608138,0x000000008a700000)
 Metaspace       used 19219K, capacity 20106K, committed 20480K, reserved 1067008K
  class space    used 2523K, capacity 2720K, committed 2816K, reserved 1048576K
Event: 43.786 GC heap after
Heap after GC invocations=19 (full 1):
 PSYoungGen      total 46080K, used 13152K [0x00000000d5d80000, 0x00000000d9d80000, 0x0000000100000000)
  eden space 28160K, 0% used [0x00000000d5d80000,0x00000000d5d80000,0x00000000d7900000)
  from space 17920K, 73% used [0x00000000d8b00000,0x00000000d97d8000,0x00000000d9c80000)
  to   space 18432K, 0% used [0x00000000d7900000,0x00000000d7900000,0x00000000d8b00000)
 ParOldGen       total 146432K, used 79912K [0x0000000081800000, 0x000000008a700000, 0x00000000d5d80000)
  object space 146432K, 54% used [0x0000000081800000,0x000000008660a138,0x000000008a700000)
 Metaspace       used 19219K, capacity 20106K, committed 20480K, reserved 1067008K
  class space    used 2523K, capacity 2720K, committed 2816K, reserved 1048576K
}
Event: 47.191 GC heap before
{Heap before GC invocations=20 (full 1):
 PSYoungGen      total 46080K, used 41312K [0x00000000d5d80000, 0x00000000d9d80000, 0x0000000100000000)
  eden space 28160K, 100% used [0x00000000d5d80000,0x00000000d7900000,0x00000000d7900000)
  from space 17920K, 73% used [0x00000000d8b00000,0x00000000d97d8000,0x00000000d9c80000)
  to   space 18432K, 0% used [0x00000000d7900000,0x00000000d7900000,0x00000000d8b00000)
 ParOldGen       total 146432K, used 79912K [0x0000000081800000, 0x000000008a700000, 0x00000000d5d80000)
  object space 146432K, 54% used [0x0000000081800000,0x000000008660a138,0x000000008a700000)
 Metaspace       used 19247K, capacity 20170K, committed 20480K, reserved 1067008K
  class space    used 2523K, capacity 2720K, committed 2816K, reserved 1048576K
Event: 47.211 GC heap after
Heap after GC invocations=20 (full 1):
 PSYoungGen      total 46592K, used 17920K [0x00000000d5d80000, 0x00000000da580000, 0x0000000100000000)
  eden space 28160K, 0% used [0x00000000d5d80000,0x00000000d5d80000,0x00000000d7900000)
  from space 18432K, 97% used [0x00000000d7900000,0x00000000d8a80000,0x00000000d8b00000)
  to   space 20992K, 0% used [0x00000000d9100000,0x00000000d9100000,0x00000000da580000)
 ParOldGen       total 146432K, used 79920K [0x0000000081800000, 0x000000008a700000, 0x00000000d5d80000)
  object space 146432K, 54% used [0x0000000081800000,0x000000008660c138,0x000000008a700000)
 Metaspace       used 19247K, capacity 20170K, committed 20480K, reserved 1067008K
  class space    used 2523K, capacity 2720K, committed 2816K, reserved 1048576K
}
Event: 51.126 GC heap before
{Heap before GC invocations=21 (full 1):
 PSYoungGen      total 46592K, used 46080K [0x00000000d5d80000, 0x00000000da580000, 0x0000000100000000)
  eden space 28160K, 100% used [0x00000000d5d80000,0x00000000d7900000,0x00000000d7900000)
  from space 18432K, 97% used [0x00000000d7900000,0x00000000d8a80000,0x00000000d8b00000)
  to   space 20992K, 0% used [0x00000000d9100000,0x00000000d9100000,0x00000000da580000)
 ParOldGen       total 146432K, used 79920K [0x0000000081800000, 0x000000008a700000, 0x00000000d5d80000)
  object space 146432K, 54% used [0x0000000081800000,0x000000008660c138,0x000000008a700000)
 Metaspace       used 19288K, capacity 20182K, committed 20480K, reserved 1067008K
  class space    used 2524K, capacity 2722K, committed 2816K, reserved 1048576K
Event: 51.142 GC heap after
Heap after GC invocations=21 (full 1):
 PSYoungGen      total 49152K, used 20992K [0x00000000d5d80000, 0x00000000dac80000, 0x0000000100000000)
  eden space 28160K, 0% used [0x00000000d5d80000,0x00000000d5d80000,0x00000000d7900000)
  from space 20992K, 100% used [0x00000000d9100000,0x00000000da580000,0x00000000da580000)
  to   space 24576K, 0% used [0x00000000d7900000,0x00000000d7900000,0x00000000d9100000)
 ParOldGen       total 146432K, used 81680K [0x0000000081800000, 0x000000008a700000, 0x00000000d5d80000)
  object space 146432K, 55% used [0x0000000081800000,0x00000000867c4138,0x000000008a700000)
 Metaspace       used 19288K, capacity 20182K, committed 20480K, reserved 1067008K
  class space    used 2524K, capacity 2722K, committed 2816K, reserved 1048576K
}
Event: 54.898 GC heap before
{Heap before GC invocations=22 (full 1):
 PSYoungGen      total 49152K, used 49152K [0x00000000d5d80000, 0x00000000dac80000, 0x0000000100000000)
  eden space 28160K, 100% used [0x00000000d5d80000,0x00000000d7900000,0x00000000d7900000)
  from space 20992K, 100% used [0x00000000d9100000,0x00000000da580000,0x00000000da580000)
  to   space 24576K, 0% used [0x00000000d7900000,0x00000000d7900000,0x00000000d9100000)
 ParOldGen       total 146432K, used 81680K [0x0000000081800000, 0x000000008a700000, 0x00000000d5d80000)
  object space 146432K, 55% used [0x0000000081800000,0x00000000867c4138,0x000000008a700000)
 Metaspace       used 19304K, capacity 20188K, committed 20480K, reserved 1067008K
  class space    used 2525K, capacity 2723K, committed 2816K, reserved 1048576K
Event: 54.915 GC heap after
Heap after GC invocations=22 (full 1):
 PSYoungGen      total 52736K, used 19040K [0x00000000d5d80000, 0x00000000daf80000, 0x0000000100000000)
  eden space 28160K, 0% used [0x00000000d5d80000,0x00000000d5d80000,0x00000000d7900000)
  from space 24576K, 77% used [0x00000000d7900000,0x00000000d8b98000,0x00000000d9100000)
  to   space 26112K, 0% used [0x00000000d9600000,0x00000000d9600000,0x00000000daf80000)
 ParOldGen       total 146432K, used 88710K [0x0000000081800000, 0x000000008a700000, 0x00000000d5d80000)
  object space 146432K, 60% used [0x0000000081800000,0x0000000086ea1818,0x000000008a700000)
 Metaspace       used 19304K, capacity 20188K, committed 20480K, reserved 1067008K
  class space    used 2525K, capacity 2723K, committed 2816K, reserved 1048576K
}

