# JRE version: Java(TM) SE Runtime Environment (8.0_151-b12) (build 1.8.0_151-b12)
# Java VM: Java HotSpot(TM) 64-Bit Server VM (25.151-b12 mixed mode windows-amd64 compressed oops)
Heap:
 PSYoungGen      total 109056K, used 17650K [0x000000076ae00000, 0x0000000774000000, 0x00000007c0000000)
  eden space 101376K, 9% used [0x000000076ae00000,0x000000076b7c4a90,0x0000000771100000)
  from space 7680K, 99% used [0x0000000773880000,0x0000000773ff8000,0x0000000774000000)
  to   space 10752K, 0% used [0x0000000772b00000,0x0000000772b00000,0x0000000773580000)
 ParOldGen       total 113152K, used 16957K [0x00000006c0a00000, 0x00000006c7880000, 0x000000076ae00000)
  object space 113152K, 14% used [0x00000006c0a00000,0x00000006c1a8f410,0x00000006c7880000)
 Metaspace       used 20646K, capacity 21994K, committed 22140K, reserved 1069056K
  class space    used 2946K, capacity 3194K, committed 3200K, reserved 1048576K
GC Heap History (10 events):
Event: 3.012 GC heap before
{Heap before GC invocations=1 (full 0):
 PSYoungGen      total 76288K, used 65536K [0x000000076ae00000, 0x0000000770300000, 0x00000007c0000000)
  eden space 65536K, 100% used [0x000000076ae00000,0x000000076ee00000,0x000000076ee00000)
  from space 10752K, 0% used [0x000000076f880000,0x000000076f880000,0x0000000770300000)
  to   space 10752K, 0% used [0x000000076ee00000,0x000000076ee00000,0x000000076f880000)
 ParOldGen       total 175104K, used 0K [0x00000006c0a00000, 0x00000006cb500000, 0x000000076ae00000)
  object space 175104K, 0% used [0x00000006c0a00000,0x00000006c0a00000,0x00000006cb500000)
 Metaspace       used 18994K, capacity 20104K, committed 20224K, reserved 1067008K
  class space    used 2845K, capacity 3063K, committed 3072K, reserved 1048576K
Event: 3.021 GC heap after
Heap after GC invocations=1 (full 0):
 PSYoungGen      total 76288K, used 10738K [0x000000076ae00000, 0x0000000770300000, 0x00000007c0000000)
  eden space 65536K, 0% used [0x000000076ae00000,0x000000076ae00000,0x000000076ee00000)
  from space 10752K, 99% used [0x000000076ee00000,0x000000076f87cae0,0x000000076f880000)
  to   space 10752K, 0% used [0x000000076f880000,0x000000076f880000,0x0000000770300000)
 ParOldGen       total 175104K, used 2423K [0x00000006c0a00000, 0x00000006cb500000, 0x000000076ae00000)
  object space 175104K, 1% used [0x00000006c0a00000,0x00000006c0c5deb8,0x00000006cb500000)
 Metaspace       used 18994K, capacity 20104K, committed 20224K, reserved 1067008K
  class space    used 2845K, capacity 3063K, committed 3072K, reserved 1048576K
}
Event: 3.204 GC heap before
{Heap before GC invocations=2 (full 0):
 PSYoungGen      total 76288K, used 32403K [0x000000076ae00000, 0x0000000770300000, 0x00000007c0000000)
  eden space 65536K, 33% used [0x000000076ae00000,0x000000076c328440,0x000000076ee00000)
  from space 10752K, 99% used [0x000000076ee00000,0x000000076f87cae0,0x000000076f880000)
  to   space 10752K, 0% used [0x000000076f880000,0x000000076f880000,0x0000000770300000)
 ParOldGen       total 175104K, used 2423K [0x00000006c0a00000, 0x00000006cb500000, 0x000000076ae00000)
  object space 175104K, 1% used [0x00000006c0a00000,0x00000006c0c5deb8,0x00000006cb500000)
 Metaspace       used 19970K, capacity 21314K, committed 21552K, reserved 1067008K
  class space    used 2938K, capacity 3188K, committed 3200K, reserved 1048576K
Event: 3.214 GC heap after
Heap after GC invocations=2 (full 0):
 PSYoungGen      total 76288K, used 10722K [0x000000076ae00000, 0x0000000774300000, 0x00000007c0000000)
  eden space 65536K, 0% used [0x000000076ae00000,0x000000076ae00000,0x000000076ee00000)
  from space 10752K, 99% used [0x000000076f880000,0x00000007702f8af0,0x0000000770300000)
  to   space 10752K, 0% used [0x000000076ee00000,0x000000076ee00000,0x000000076f880000)
 ParOldGen       total 175104K, used 4432K [0x00000006c0a00000, 0x00000006cb500000, 0x000000076ae00000)
  object space 175104K, 2% used [0x00000006c0a00000,0x00000006c0e540a8,0x00000006cb500000)
 Metaspace       used 19970K, capacity 21314K, committed 21552K, reserved 1067008K
  class space    used 2938K, capacity 3188K, committed 3200K, reserved 1048576K
}
Event: 3.401 GC heap before
{Heap before GC invocations=3 (full 0):
 PSYoungGen      total 76288K, used 47595K [0x000000076ae00000, 0x0000000774300000, 0x00000007c0000000)
  eden space 65536K, 56% used [0x000000076ae00000,0x000000076d202190,0x000000076ee00000)
  from space 10752K, 99% used [0x000000076f880000,0x00000007702f8af0,0x0000000770300000)
  to   space 10752K, 0% used [0x000000076ee00000,0x000000076ee00000,0x000000076f880000)
 ParOldGen       total 175104K, used 4432K [0x00000006c0a00000, 0x00000006cb500000, 0x000000076ae00000)
  object space 175104K, 2% used [0x00000006c0a00000,0x00000006c0e540a8,0x00000006cb500000)
 Metaspace       used 20303K, capacity 21606K, committed 21628K, reserved 1067008K
  class space    used 2943K, capacity 3194K, committed 3200K, reserved 1048576K
Event: 3.411 GC heap after
Heap after GC invocations=3 (full 0):
 PSYoungGen      total 76288K, used 10738K [0x000000076ae00000, 0x0000000774300000, 0x00000007c0000000)
  eden space 65536K, 0% used [0x000000076ae00000,0x000000076ae00000,0x000000076ee00000)
  from space 10752K, 99% used [0x000000076ee00000,0x000000076f87cac0,0x000000076f880000)
  to   space 10752K, 0% used [0x0000000773880000,0x0000000773880000,0x0000000774300000)
 ParOldGen       total 175104K, used 8736K [0x00000006c0a00000, 0x00000006cb500000, 0x000000076ae00000)
  object space 175104K, 4% used [0x00000006c0a00000,0x00000006c12880a8,0x00000006cb500000)
 Metaspace       used 20303K, capacity 21606K, committed 21628K, reserved 1067008K
  class space    used 2943K, capacity 3194K, committed 3200K, reserved 1048576K
}
Event: 3.411 GC heap before
{Heap before GC invocations=4 (full 1):
 PSYoungGen      total 76288K, used 10738K [0x000000076ae00000, 0x0000000774300000, 0x00000007c0000000)
  eden space 65536K, 0% used [0x000000076ae00000,0x000000076ae00000,0x000000076ee00000)
  from space 10752K, 99% used [0x000000076ee00000,0x000000076f87cac0,0x000000076f880000)
  to   space 10752K, 0% used [0x0000000773880000,0x0000000773880000,0x0000000774300000)
 ParOldGen       total 175104K, used 8736K [0x00000006c0a00000, 0x00000006cb500000, 0x000000076ae00000)
  object space 175104K, 4% used [0x00000006c0a00000,0x00000006c12880a8,0x00000006cb500000)
 Metaspace       used 20303K, capacity 21606K, committed 21628K, reserved 1067008K
  class space    used 2943K, capacity 3194K, committed 3200K, reserved 1048576K
Event: 3.485 GC heap after
Heap after GC invocations=4 (full 1):
 PSYoungGen      total 76288K, used 0K [0x000000076ae00000, 0x0000000774300000, 0x00000007c0000000)
  eden space 65536K, 0% used [0x000000076ae00000,0x000000076ae00000,0x000000076ee00000)
  from space 10752K, 0% used [0x000000076ee00000,0x000000076ee00000,0x000000076f880000)
  to   space 10752K, 0% used [0x0000000773880000,0x0000000773880000,0x0000000774300000)
 ParOldGen       total 113152K, used 16949K [0x00000006c0a00000, 0x00000006c7880000, 0x000000076ae00000)
  object space 113152K, 14% used [0x00000006c0a00000,0x00000006c1a8d410,0x00000006c7880000)
 Metaspace       used 20303K, capacity 21606K, committed 21628K, reserved 1067008K
  class space    used 2943K, capacity 3194K, committed 3200K, reserved 1048576K
}
Event: 4.311 GC heap before
{Heap before GC invocations=5 (full 1):
 PSYoungGen      total 76288K, used 65536K [0x000000076ae00000, 0x0000000774300000, 0x00000007c0000000)
  eden space 65536K, 100% used [0x000000076ae00000,0x000000076ee00000,0x000000076ee00000)
  from space 10752K, 0% used [0x000000076ee00000,0x000000076ee00000,0x000000076f880000)
  to   space 10752K, 0% used [0x0000000773880000,0x0000000773880000,0x0000000774300000)
 ParOldGen       total 113152K, used 16949K [0x00000006c0a00000, 0x00000006c7880000, 0x000000076ae00000)
  object space 113152K, 14% used [0x00000006c0a00000,0x00000006c1a8d410,0x00000006c7880000)
 Metaspace       used 20581K, capacity 21866K, committed 21884K, reserved 1069056K
  class space    used 2946K, capacity 3194K, committed 3200K, reserved 1048576K
Event: 4.315 GC heap after
Heap after GC invocations=5 (full 1):
 PSYoungGen      total 109056K, used 7648K [0x000000076ae00000, 0x0000000774000000, 0x00000007c0000000)
  eden space 101376K, 0% used [0x000000076ae00000,0x000000076ae00000,0x0000000771100000)
  from space 7680K, 99% used [0x0000000773880000,0x0000000773ff8000,0x0000000774000000)
  to   space 10752K, 0% used [0x0000000772b00000,0x0000000772b00000,0x0000000773580000)
 ParOldGen       total 113152K, used 16957K [0x00000006c0a00000, 0x00000006c7880000, 0x000000076ae00000)
  object space 113152K, 14% used [0x00000006c0a00000,0x00000006c1a8f410,0x00000006c7880000)
 Metaspace       used 20581K, capacity 21866K, committed 21884K, reserved 1069056K
  class space    used 2946K, capacity 3194K, committed 3200K, reserved 1048576K
}

